<?xml version="1.0" encoding="UTF-8"?>
<testsuite xmlns:xsi="http://www.w3.org/2001/XMLSchema-instance" xsi:noNamespaceSchemaLocation="https://maven.apache.org/surefire/maven-surefire-plugin/xsd/surefire-test-report-3.0.xsd" version="3.0" name="com.documentsummarizer.service.SummarizationServiceImplTest" time="0.164" tests="3" errors="0" skipped="0" failures="0">
  <properties>
[...]
</properties>
  <testcase name="generateSummary_ShortType_ShouldReturnStringSummary" classname="com.documentsummarizer.service.SummarizationServiceImplTest" time="0.146"/>
  <testcase name="generateSummary_BulletType_ShouldReturnListSummary" classname="com.documentsummarizer.service.SummarizationServiceImplTest" time="0.004"/>
  <testcase name="generateSummary_DetailedType_ShouldReturnStringSummary" classname="com.documentsummarizer.service.SummarizationServiceImplTest" time="0.006"/>
</testsuite>