<?xml version="1.0" encoding="UTF-8"?>
<testsuite xmlns:xsi="http://www.w3.org/2001/XMLSchema-instance" xsi:noNamespaceSchemaLocation="https://maven.apache.org/surefire/maven-surefire-plugin/xsd/surefire-test-report-3.0.xsd" version="3.0" name="com.documentsummarizer.controller.SummaryControllerTest" time="0.501" tests="8" errors="0" skipped="0" failures="0">
  <properties>
[...]
</properties>
  <testcase name="summarize_DetailedType_ReturnsDetailedSummary" classname="com.documentsummarizer.controller.SummaryControllerTest" time="0.28">
    <system-out><![CDATA[2026-04-15T20:14:01.942+05:30 DEBUG 25372 --- [document-summarizer] [           main] s.w.s.m.m.a.RequestMappingHandlerMapping : 1 mappings in org.springframework.web.servlet.mvc.method.annotation.RequestMappingHandlerMapping
2026-04-15T20:14:01.944+05:30 DEBUG 25372 --- [document-summarizer] [           main] s.w.s.m.m.a.RequestMappingHandlerAdapter : ControllerAdvice beans: 0 @ModelAttribute, 0 @InitBinder, 1 RequestBodyAdvice, 1 ResponseBodyAdvice
2026-04-15T20:14:01.946+05:30 DEBUG 25372 --- [document-summarizer] [           main] .m.m.a.ExceptionHandlerExceptionResolver : ControllerAdvice beans: 1 @ExceptionHandler, 1 ResponseBodyAdvice
2026-04-15T20:14:01.946+05:30  INFO 25372 --- [document-summarizer] [           main] o.s.mock.web.MockServletContext          : Initializing Spring TestDispatcherServlet ''
2026-04-15T20:14:01.947+05:30  INFO 25372 --- [document-summarizer] [           main] o.s.t.web.servlet.TestDispatcherServlet  : Initializing Servlet ''
2026-04-15T20:14:01.947+05:30  INFO 25372 --- [document-summarizer] [           main] o.s.t.web.servlet.TestDispatcherServlet  : Completed initialization in 0 ms
2026-04-15T20:14:01.971+05:30 DEBUG 25372 --- [document-summarizer] [           main] s.w.s.m.m.a.RequestMappingHandlerMapping : Mapped to com.documentsummarizer.controller.SummaryController#summarize(SummaryRequest)
2026-04-15T20:14:01.973+05:30 DEBUG 25372 --- [document-summarizer] [           main] m.m.a.RequestResponseBodyMethodProcessor : Read "application/json" to [SummaryRequest(text=A longer text that requires detailed analysis., summaryType=DETAILED, maxLength= (truncated)...]
2026-04-15T20:14:01.995+05:30 DEBUG 25372 --- [document-summarizer] [           main] o.s.w.s.m.m.a.HttpEntityMethodProcessor  : Using 'application/json', given [*/*] and supported [application/json, application/*+json]
2026-04-15T20:14:01.995+05:30 DEBUG 25372 --- [document-summarizer] [           main] o.s.w.s.m.m.a.HttpEntityMethodProcessor  : Writing [SummaryResponse(status=success, summaryType=DETAILED, summary=This is a detailed summary with compre (truncated)...]
]]></system-out>
  </testcase>
  <testcase name="summarize_ValidRequest_ReturnsOk" classname="com.documentsummarizer.controller.SummaryControllerTest" time="0.028">
    <system-out><![CDATA[2026-04-15T20:14:02.016+05:30 DEBUG 25372 --- [document-summarizer] [           main] s.w.s.m.m.a.RequestMappingHandlerMapping : 1 mappings in org.springframework.web.servlet.mvc.method.annotation.RequestMappingHandlerMapping
2026-04-15T20:14:02.019+05:30 DEBUG 25372 --- [document-summarizer] [           main] s.w.s.m.m.a.RequestMappingHandlerAdapter : ControllerAdvice beans: 0 @ModelAttribute, 0 @InitBinder, 1 RequestBodyAdvice, 1 ResponseBodyAdvice
2026-04-15T20:14:02.020+05:30 DEBUG 25372 --- [document-summarizer] [           main] .m.m.a.ExceptionHandlerExceptionResolver : ControllerAdvice beans: 1 @ExceptionHandler, 1 ResponseBodyAdvice
2026-04-15T20:14:02.020+05:30  INFO 25372 --- [document-summarizer] [           main] o.s.mock.web.MockServletContext          : Initializing Spring TestDispatcherServlet ''
2026-04-15T20:14:02.020+05:30  INFO 25372 --- [document-summarizer] [           main] o.s.t.web.servlet.TestDispatcherServlet  : Initializing Servlet ''
2026-04-15T20:14:02.020+05:30  INFO 25372 --- [document-summarizer] [           main] o.s.t.web.servlet.TestDispatcherServlet  : Completed initialization in 0 ms
2026-04-15T20:14:02.023+05:30 DEBUG 25372 --- [document-summarizer] [           main] s.w.s.m.m.a.RequestMappingHandlerMapping : Mapped to com.documentsummarizer.controller.SummaryController#summarize(SummaryRequest)
2026-04-15T20:14:02.025+05:30 DEBUG 25372 --- [document-summarizer] [           main] m.m.a.RequestResponseBodyMethodProcessor : Read "application/json" to [SummaryRequest(text=This is a sample text for summarization., summaryType=SHORT, maxLength=100)]
2026-04-15T20:14:02.032+05:30 DEBUG 25372 --- [document-summarizer] [           main] o.s.w.s.m.m.a.HttpEntityMethodProcessor  : Using 'application/json', given [*/*] and supported [application/json, application/*+json]
2026-04-15T20:14:02.032+05:30 DEBUG 25372 --- [document-summarizer] [           main] o.s.w.s.m.m.a.HttpEntityMethodProcessor  : Writing [SummaryResponse(status=success, summaryType=SHORT, summary=This is a short summary of the text.)]
]]></system-out>
  </testcase>
  <testcase name="summarize_ServiceThrowsException_ReturnsInternalServerError" classname="com.documentsummarizer.controller.SummaryControllerTest" time="0.061">
    <system-out><![CDATA[2026-04-15T20:14:02.046+05:30 DEBUG 25372 --- [document-summarizer] [           main] s.w.s.m.m.a.RequestMappingHandlerMapping : 1 mappings in org.springframework.web.servlet.mvc.method.annotation.RequestMappingHandlerMapping
2026-04-15T20:14:02.072+05:30 DEBUG 25372 --- [document-summarizer] [           main] s.w.s.m.m.a.RequestMappingHandlerAdapter : ControllerAdvice beans: 0 @ModelAttribute, 0 @InitBinder, 1 RequestBodyAdvice, 1 ResponseBodyAdvice
2026-04-15T20:14:02.073+05:30 DEBUG 25372 --- [document-summarizer] [           main] .m.m.a.ExceptionHandlerExceptionResolver : ControllerAdvice beans: 1 @ExceptionHandler, 1 ResponseBodyAdvice
2026-04-15T20:14:02.074+05:30  INFO 25372 --- [document-summarizer] [           main] o.s.mock.web.MockServletContext          : Initializing Spring TestDispatcherServlet ''
2026-04-15T20:14:02.074+05:30  INFO 25372 --- [document-summarizer] [           main] o.s.t.web.servlet.TestDispatcherServlet  : Initializing Servlet ''
2026-04-15T20:14:02.074+05:30  INFO 25372 --- [document-summarizer] [           main] o.s.t.web.servlet.TestDispatcherServlet  : Completed initialization in 0 ms
2026-04-15T20:14:02.080+05:30 DEBUG 25372 --- [document-summarizer] [           main] s.w.s.m.m.a.RequestMappingHandlerMapping : Mapped to com.documentsummarizer.controller.SummaryController#summarize(SummaryRequest)
2026-04-15T20:14:02.083+05:30 DEBUG 25372 --- [document-summarizer] [           main] m.m.a.RequestResponseBodyMethodProcessor : Read "application/json" to [SummaryRequest(text=Sample text, summaryType=SHORT, maxLength=100)]
2026-04-15T20:14:02.092+05:30 DEBUG 25372 --- [document-summarizer] [           main] .m.m.a.ExceptionHandlerExceptionResolver : Using @ExceptionHandler com.documentsummarizer.exception.GlobalExceptionHandler#handleGenericException(Exception)
2026-04-15T20:14:02.094+05:30 DEBUG 25372 --- [document-summarizer] [           main] o.s.w.s.m.m.a.HttpEntityMethodProcessor  : Using 'application/json', given [*/*] and supported [application/json, application/*+json]
2026-04-15T20:14:02.095+05:30 DEBUG 25372 --- [document-summarizer] [           main] o.s.w.s.m.m.a.HttpEntityMethodProcessor  : Writing [ErrorResponse(status=500, message=An unexpected error occurred: Service error, timestamp=17762642420 (truncated)...]
2026-04-15T20:14:02.095+05:30 DEBUG 25372 --- [document-summarizer] [           main] .m.m.a.ExceptionHandlerExceptionResolver : Resolved [java.lang.RuntimeException: Service error]
]]></system-out>
  </testcase>
  <testcase name="summarize_BulletType_ReturnsBulletSummary" classname="com.documentsummarizer.controller.SummaryControllerTest" time="0.023">
    <system-out><![CDATA[2026-04-15T20:14:02.105+05:30 DEBUG 25372 --- [document-summarizer] [           main] s.w.s.m.m.a.RequestMappingHandlerMapping : 1 mappings in org.springframework.web.servlet.mvc.method.annotation.RequestMappingHandlerMapping
2026-04-15T20:14:02.108+05:30 DEBUG 25372 --- [document-summarizer] [           main] s.w.s.m.m.a.RequestMappingHandlerAdapter : ControllerAdvice beans: 0 @ModelAttribute, 0 @InitBinder, 1 RequestBodyAdvice, 1 ResponseBodyAdvice
2026-04-15T20:14:02.109+05:30 DEBUG 25372 --- [document-summarizer] [           main] .m.m.a.ExceptionHandlerExceptionResolver : ControllerAdvice beans: 1 @ExceptionHandler, 1 ResponseBodyAdvice
2026-04-15T20:14:02.109+05:30  INFO 25372 --- [document-summarizer] [           main] o.s.mock.web.MockServletContext          : Initializing Spring TestDispatcherServlet ''
2026-04-15T20:14:02.110+05:30  INFO 25372 --- [document-summarizer] [           main] o.s.t.web.servlet.TestDispatcherServlet  : Initializing Servlet ''
2026-04-15T20:14:02.110+05:30  INFO 25372 --- [document-summarizer] [           main] o.s.t.web.servlet.TestDispatcherServlet  : Completed initialization in 0 ms
2026-04-15T20:14:02.112+05:30 DEBUG 25372 --- [document-summarizer] [           main] s.w.s.m.m.a.RequestMappingHandlerMapping : Mapped to com.documentsummarizer.controller.SummaryController#summarize(SummaryRequest)
2026-04-15T20:14:02.114+05:30 DEBUG 25372 --- [document-summarizer] [           main] m.m.a.RequestResponseBodyMethodProcessor : Read "application/json" to [SummaryRequest(text=Sample text with multiple points., summaryType=BULLET, maxLength=200)]
2026-04-15T20:14:02.118+05:30 DEBUG 25372 --- [document-summarizer] [           main] o.s.w.s.m.m.a.HttpEntityMethodProcessor  : Using 'application/json', given [*/*] and supported [application/json, application/*+json]
2026-04-15T20:14:02.119+05:30 DEBUG 25372 --- [document-summarizer] [           main] o.s.w.s.m.m.a.HttpEntityMethodProcessor  : Writing [SummaryResponse(status=success, summaryType=BULLET, summary=• Point 1<EOL>• Point 2<EOL>• Point 3)]
]]></system-out>
  </testcase>
  <testcase name="summarize_NullSummaryType_ReturnsValidationError" classname="com.documentsummarizer.controller.SummaryControllerTest" time="0.026">
    <system-out><![CDATA[2026-04-15T20:14:02.131+05:30 DEBUG 25372 --- [document-summarizer] [           main] s.w.s.m.m.a.RequestMappingHandlerMapping : 1 mappings in org.springframework.web.servlet.mvc.method.annotation.RequestMappingHandlerMapping
2026-04-15T20:14:02.135+05:30 DEBUG 25372 --- [document-summarizer] [           main] s.w.s.m.m.a.RequestMappingHandlerAdapter : ControllerAdvice beans: 0 @ModelAttribute, 0 @InitBinder, 1 RequestBodyAdvice, 1 ResponseBodyAdvice
2026-04-15T20:14:02.136+05:30 DEBUG 25372 --- [document-summarizer] [           main] .m.m.a.ExceptionHandlerExceptionResolver : ControllerAdvice beans: 1 @ExceptionHandler, 1 ResponseBodyAdvice
2026-04-15T20:14:02.136+05:30  INFO 25372 --- [document-summarizer] [           main] o.s.mock.web.MockServletContext          : Initializing Spring TestDispatcherServlet ''
2026-04-15T20:14:02.136+05:30  INFO 25372 --- [document-summarizer] [           main] o.s.t.web.servlet.TestDispatcherServlet  : Initializing Servlet ''
2026-04-15T20:14:02.137+05:30  INFO 25372 --- [document-summarizer] [           main] o.s.t.web.servlet.TestDispatcherServlet  : Completed initialization in 0 ms
2026-04-15T20:14:02.138+05:30 DEBUG 25372 --- [document-summarizer] [           main] s.w.s.m.m.a.RequestMappingHandlerMapping : Mapped to com.documentsummarizer.controller.SummaryController#summarize(SummaryRequest)
2026-04-15T20:14:02.140+05:30 DEBUG 25372 --- [document-summarizer] [           main] m.m.a.RequestResponseBodyMethodProcessor : Read "application/json" to [SummaryRequest(text=Sample text, summaryType=null, maxLength=100)]
2026-04-15T20:14:02.144+05:30 DEBUG 25372 --- [document-summarizer] [           main] .m.m.a.ExceptionHandlerExceptionResolver : Using @ExceptionHandler com.documentsummarizer.exception.GlobalExceptionHandler#handleValidationExceptions(MethodArgumentNotValidException)
2026-04-15T20:14:02.146+05:30 DEBUG 25372 --- [document-summarizer] [           main] o.s.w.s.m.m.a.HttpEntityMethodProcessor  : Using 'application/json', given [*/*] and supported [application/json, application/*+json]
2026-04-15T20:14:02.146+05:30 DEBUG 25372 --- [document-summarizer] [           main] o.s.w.s.m.m.a.HttpEntityMethodProcessor  : Writing [ErrorResponse(status=400, message=Validation failed: summaryType: Summary type cannot be null., time (truncated)...]
2026-04-15T20:14:02.147+05:30 DEBUG 25372 --- [document-summarizer] [           main] .m.m.a.ExceptionHandlerExceptionResolver : Resolved [org.springframework.web.bind.MethodArgumentNotValidException: Validation failed for argument [0] in public org.springframework.http.ResponseEntity<com.documentsummarizer.dto.SummaryResponse> com.documentsummarizer.controller.SummaryController.summarize(com.documentsummarizer.dto.SummaryRequest): [Field error in object 'summaryRequest' on field 'summaryType': rejected value [null]; codes [NotNull.summaryRequest.summaryType,NotNull.summaryType,NotNull.com.documentsummarizer.dto.SummaryRequest$SummaryType,NotNull]; arguments [org.springframework.context.support.DefaultMessageSourceResolvable: codes [summaryRequest.summaryType,summaryType]; arguments []; default message [summaryType]]; default message [Summary type cannot be null.]] ]
]]></system-out>
  </testcase>
  <testcase name="summarize_MissingText_ReturnsValidationError" classname="com.documentsummarizer.controller.SummaryControllerTest" time="0.019">
    <system-out><![CDATA[2026-04-15T20:14:02.154+05:30 DEBUG 25372 --- [document-summarizer] [           main] s.w.s.m.m.a.RequestMappingHandlerMapping : 1 mappings in org.springframework.web.servlet.mvc.method.annotation.RequestMappingHandlerMapping
2026-04-15T20:14:02.156+05:30 DEBUG 25372 --- [document-summarizer] [           main] s.w.s.m.m.a.RequestMappingHandlerAdapter : ControllerAdvice beans: 0 @ModelAttribute, 0 @InitBinder, 1 RequestBodyAdvice, 1 ResponseBodyAdvice
2026-04-15T20:14:02.156+05:30 DEBUG 25372 --- [document-summarizer] [           main] .m.m.a.ExceptionHandlerExceptionResolver : ControllerAdvice beans: 1 @ExceptionHandler, 1 ResponseBodyAdvice
2026-04-15T20:14:02.156+05:30  INFO 25372 --- [document-summarizer] [           main] o.s.mock.web.MockServletContext          : Initializing Spring TestDispatcherServlet ''
2026-04-15T20:14:02.156+05:30  INFO 25372 --- [document-summarizer] [           main] o.s.t.web.servlet.TestDispatcherServlet  : Initializing Servlet ''
2026-04-15T20:14:02.157+05:30  INFO 25372 --- [document-summarizer] [           main] o.s.t.web.servlet.TestDispatcherServlet  : Completed initialization in 0 ms
2026-04-15T20:14:02.157+05:30 DEBUG 25372 --- [document-summarizer] [           main] s.w.s.m.m.a.RequestMappingHandlerMapping : Mapped to com.documentsummarizer.controller.SummaryController#summarize(SummaryRequest)
2026-04-15T20:14:02.160+05:30 DEBUG 25372 --- [document-summarizer] [           main] m.m.a.RequestResponseBodyMethodProcessor : Read "application/json" to [SummaryRequest(text=null, summaryType=SHORT, maxLength=100)]
2026-04-15T20:14:02.164+05:30 DEBUG 25372 --- [document-summarizer] [           main] .m.m.a.ExceptionHandlerExceptionResolver : Using @ExceptionHandler com.documentsummarizer.exception.GlobalExceptionHandler#handleValidationExceptions(MethodArgumentNotValidException)
2026-04-15T20:14:02.165+05:30 DEBUG 25372 --- [document-summarizer] [           main] o.s.w.s.m.m.a.HttpEntityMethodProcessor  : Using 'application/json', given [*/*] and supported [application/json, application/*+json]
2026-04-15T20:14:02.166+05:30 DEBUG 25372 --- [document-summarizer] [           main] o.s.w.s.m.m.a.HttpEntityMethodProcessor  : Writing [ErrorResponse(status=400, message=Validation failed: text: Text cannot be blank., timestamp=17762642 (truncated)...]
2026-04-15T20:14:02.166+05:30 DEBUG 25372 --- [document-summarizer] [           main] .m.m.a.ExceptionHandlerExceptionResolver : Resolved [org.springframework.web.bind.MethodArgumentNotValidException: Validation failed for argument [0] in public org.springframework.http.ResponseEntity<com.documentsummarizer.dto.SummaryResponse> com.documentsummarizer.controller.SummaryController.summarize(com.documentsummarizer.dto.SummaryRequest): [Field error in object 'summaryRequest' on field 'text': rejected value [null]; codes [NotBlank.summaryRequest.text,NotBlank.text,NotBlank.java.lang.String,NotBlank]; arguments [org.springframework.context.support.DefaultMessageSourceResolvable: codes [summaryRequest.text,text]; arguments []; default message [text]]; default message [Text cannot be blank.]] ]
]]></system-out>
  </testcase>
  <testcase name="summarize_EmptyText_ReturnsValidationError" classname="com.documentsummarizer.controller.SummaryControllerTest" time="0.022">
    <system-out><![CDATA[2026-04-15T20:14:02.178+05:30 DEBUG 25372 --- [document-summarizer] [           main] s.w.s.m.m.a.RequestMappingHandlerMapping : 1 mappings in org.springframework.web.servlet.mvc.method.annotation.RequestMappingHandlerMapping
2026-04-15T20:14:02.180+05:30 DEBUG 25372 --- [document-summarizer] [           main] s.w.s.m.m.a.RequestMappingHandlerAdapter : ControllerAdvice beans: 0 @ModelAttribute, 0 @InitBinder, 1 RequestBodyAdvice, 1 ResponseBodyAdvice
2026-04-15T20:14:02.181+05:30 DEBUG 25372 --- [document-summarizer] [           main] .m.m.a.ExceptionHandlerExceptionResolver : ControllerAdvice beans: 1 @ExceptionHandler, 1 ResponseBodyAdvice
2026-04-15T20:14:02.181+05:30  INFO 25372 --- [document-summarizer] [           main] o.s.mock.web.MockServletContext          : Initializing Spring TestDispatcherServlet ''
2026-04-15T20:14:02.181+05:30  INFO 25372 --- [document-summarizer] [           main] o.s.t.web.servlet.TestDispatcherServlet  : Initializing Servlet ''
2026-04-15T20:14:02.181+05:30  INFO 25372 --- [document-summarizer] [           main] o.s.t.web.servlet.TestDispatcherServlet  : Completed initialization in 0 ms
2026-04-15T20:14:02.183+05:30 DEBUG 25372 --- [document-summarizer] [           main] s.w.s.m.m.a.RequestMappingHandlerMapping : Mapped to com.documentsummarizer.controller.SummaryController#summarize(SummaryRequest)
2026-04-15T20:14:02.185+05:30 DEBUG 25372 --- [document-summarizer] [           main] m.m.a.RequestResponseBodyMethodProcessor : Read "application/json" to [SummaryRequest(text=, summaryType=SHORT, maxLength=100)]
2026-04-15T20:14:02.188+05:30 DEBUG 25372 --- [document-summarizer] [           main] .m.m.a.ExceptionHandlerExceptionResolver : Using @ExceptionHandler com.documentsummarizer.exception.GlobalExceptionHandler#handleValidationExceptions(MethodArgumentNotValidException)
2026-04-15T20:14:02.189+05:30 DEBUG 25372 --- [document-summarizer] [           main] o.s.w.s.m.m.a.HttpEntityMethodProcessor  : Using 'application/json', given [*/*] and supported [application/json, application/*+json]
2026-04-15T20:14:02.189+05:30 DEBUG 25372 --- [document-summarizer] [           main] o.s.w.s.m.m.a.HttpEntityMethodProcessor  : Writing [ErrorResponse(status=400, message=Validation failed: text: Text cannot be blank., text: Text must be (truncated)...]
2026-04-15T20:14:02.190+05:30 DEBUG 25372 --- [document-summarizer] [           main] .m.m.a.ExceptionHandlerExceptionResolver : Resolved [org.springframework.web.bind.MethodArgumentNotValidException: Validation failed for argument [0] in public org.springframework.http.ResponseEntity<com.documentsummarizer.dto.SummaryResponse> com.documentsummarizer.controller.SummaryController.summarize(com.documentsummarizer.dto.SummaryRequest) with 2 errors: [Field error in object 'summaryRequest' on field 'text': rejected value []; codes [NotBlank.summaryRequest.text,NotBlank.text,NotBlank.java.lang.String,NotBlank]; arguments [org.springframework.context.support.DefaultMessageSourceResolvable: codes [summaryRequest.text,text]; arguments []; default message [text]]; default message [Text cannot be blank.]] [Field error in object 'summaryRequest' on field 'text': rejected value []; codes [Size.summaryRequest.text,Size.text,Size.java.lang.String,Size]; arguments [org.springframework.context.support.DefaultMessageSourceResolvable: codes [summaryRequest.text,text]; arguments []; default message [text],2147483647,10]; default message [Text must be at least 10 characters long.]] ]
]]></system-out>
  </testcase>
  <testcase name="summarize_InvalidSummaryType_ReturnsValidationError" classname="com.documentsummarizer.controller.SummaryControllerTest" time="0.028">
    <system-out><![CDATA[2026-04-15T20:14:02.199+05:30 DEBUG 25372 --- [document-summarizer] [           main] s.w.s.m.m.a.RequestMappingHandlerMapping : 1 mappings in org.springframework.web.servlet.mvc.method.annotation.RequestMappingHandlerMapping
2026-04-15T20:14:02.202+05:30 DEBUG 25372 --- [document-summarizer] [           main] s.w.s.m.m.a.RequestMappingHandlerAdapter : ControllerAdvice beans: 0 @ModelAttribute, 0 @InitBinder, 1 RequestBodyAdvice, 1 ResponseBodyAdvice
2026-04-15T20:14:02.202+05:30 DEBUG 25372 --- [document-summarizer] [           main] .m.m.a.ExceptionHandlerExceptionResolver : ControllerAdvice beans: 1 @ExceptionHandler, 1 ResponseBodyAdvice
2026-04-15T20:14:02.203+05:30  INFO 25372 --- [document-summarizer] [           main] o.s.mock.web.MockServletContext          : Initializing Spring TestDispatcherServlet ''
2026-04-15T20:14:02.203+05:30  INFO 25372 --- [document-summarizer] [           main] o.s.t.web.servlet.TestDispatcherServlet  : Initializing Servlet ''
2026-04-15T20:14:02.203+05:30  INFO 25372 --- [document-summarizer] [           main] o.s.t.web.servlet.TestDispatcherServlet  : Completed initialization in 0 ms
2026-04-15T20:14:02.205+05:30 DEBUG 25372 --- [document-summarizer] [           main] s.w.s.m.m.a.RequestMappingHandlerMapping : Mapped to com.documentsummarizer.controller.SummaryController#summarize(SummaryRequest)
2026-04-15T20:14:02.216+05:30 DEBUG 25372 --- [document-summarizer] [           main] o.s.web.method.HandlerMethod             : Could not resolve parameter [0] in public org.springframework.http.ResponseEntity<com.documentsummarizer.dto.SummaryResponse> com.documentsummarizer.controller.SummaryController.summarize(com.documentsummarizer.dto.SummaryRequest): JSON parse error: Cannot deserialize value of type `com.documentsummarizer.dto.SummaryRequest$SummaryType` from String "INVALID_TYPE": not one of the values accepted for Enum class: [DETAILED, BULLET, SHORT]
2026-04-15T20:14:02.216+05:30 DEBUG 25372 --- [document-summarizer] [           main] .m.m.a.ExceptionHandlerExceptionResolver : Using @ExceptionHandler com.documentsummarizer.exception.GlobalExceptionHandler#handleHttpMessageNotReadableException(HttpMessageNotReadableException)
2026-04-15T20:14:02.217+05:30 DEBUG 25372 --- [document-summarizer] [           main] o.s.w.s.m.m.a.HttpEntityMethodProcessor  : Using 'application/json', given [*/*] and supported [application/json, application/*+json]
2026-04-15T20:14:02.218+05:30 DEBUG 25372 --- [document-summarizer] [           main] o.s.w.s.m.m.a.HttpEntityMethodProcessor  : Writing [ErrorResponse(status=400, message=Invalid summaryType value. Must be one of: SHORT, BULLET, DETAILED (truncated)...]
2026-04-15T20:14:02.218+05:30 DEBUG 25372 --- [document-summarizer] [           main] .m.m.a.ExceptionHandlerExceptionResolver : Resolved [org.springframework.http.converter.HttpMessageNotReadableException: JSON parse error: Cannot deserialize value of type `com.documentsummarizer.dto.SummaryRequest$SummaryType` from String "INVALID_TYPE": not one of the values accepted for Enum class: [DETAILED, BULLET, SHORT]]
]]></system-out>
  </testcase>
</testsuite>